<?xml version="1.0" encoding="UTF-8"?>
<!-- Generated by org.testng.reporters.JUnitXMLReporter -->
<testsuite hostname="ME" ignored="8" name="Test" tests="9" failures="0" timestamp="05 Mar 2020 04:02:00 GMT" time="35.784" errors="0">
  <testcase name="dom" time="1.492" classname="automobile.EnterVehicleData"/>
  <testcase name="engineperf" time="0.569" classname="automobile.EnterVehicleData"/>
  <testcase name="make" time="0.712" classname="automobile.EnterVehicleData"/>
  <testcase name="dob" time="0.004" classname="automobile.EnterInsurantData"/>
  <testcase name="firstname" time="25.762" classname="automobile.EnterInsurantData"/>
  <testcase name="lastname" time="0.004" classname="automobile.EnterInsurantData"/>
  <testcase name="damageInsurance" time="0.004" classname="automobile.EnterProductData"/>
  <testcase name="insuranceSum" time="0.004" classname="automobile.EnterProductData"/>
  <testcase name="startDate" time="0.008" classname="automobile.EnterProductData"/>
  <testcase name="@BeforeSuite suiteInitialization" time="0.0" classname="suite.SuiteInitialization">
    <ignored/>
  </testcase> <!-- @BeforeSuite suiteInitialization -->
  <testcase name="@BeforeSuite suiteInitialization" time="0.0" classname="suite.SuiteInitialization">
    <ignored/>
  </testcase> <!-- @BeforeSuite suiteInitialization -->
  <testcase name="@AfterTest automobileTeardown" time="0.0" classname="automobile.TestInitialization">
    <ignored/>
  </testcase> <!-- @AfterTest automobileTeardown -->
  <testcase name="@AfterTest automobileTeardown" time="0.0" classname="automobile.TestInitialization">
    <ignored/>
  </testcase> <!-- @AfterTest automobileTeardown -->
  <testcase name="@BeforeTest automobileTestInitialization" time="0.0" classname="automobile.TestInitialization">
    <ignored/>
  </testcase> <!-- @BeforeTest automobileTestInitialization -->
  <testcase name="@BeforeTest automobileTestInitialization" time="0.0" classname="automobile.TestInitialization">
    <ignored/>
  </testcase> <!-- @BeforeTest automobileTestInitialization -->
  <testcase name="@AfterSuite suiteTearDown" time="0.0" classname="suite.SuiteInitialization">
    <ignored/>
  </testcase> <!-- @AfterSuite suiteTearDown -->
  <testcase name="@AfterSuite suiteTearDown" time="0.0" classname="suite.SuiteInitialization">
    <ignored/>
  </testcase> <!-- @AfterSuite suiteTearDown -->
</testsuite> <!-- Test -->
