<?xml version="1.0" encoding="UTF-8"?>
<testng-results skipped="0" failed="1" ignored="1" total="10" passed="8">
  <reporter-output>
  </reporter-output>
  <suite name="Suite" duration-ms="189925" started-at="2020-03-10T17:20:24Z" finished-at="2020-03-10T17:23:34Z">
    <groups>
    </groups>
    <test name="Test" duration-ms="128553" started-at="2020-03-10T17:20:24Z" finished-at="2020-03-10T17:22:33Z">
      <class name="com.tricentis.automation.scripts.fieldVerification.HomePageTests">
        <test-method status="PASS" signature="initialize(java.lang.String)[pri:0, instance:com.tricentis.automation.scripts.fieldVerification.HomePageTests@42d80b78]" name="initialize" is-config="true" duration-ms="62383" started-at="2020-03-10T22:50:24Z" finished-at="2020-03-10T22:51:27Z">
          <params>
            <param index="0">
              <value>
                <![CDATA[Chrome]]>
              </value>
            </param>
          </params>
          <reporter-output>
          </reporter-output>
        </test-method> <!-- initialize -->
        <test-method status="PASS" signature="verifyAutomationlink()[pri:0, instance:com.tricentis.automation.scripts.fieldVerification.HomePageTests@42d80b78]" name="verifyAutomationlink" duration-ms="16965" started-at="2020-03-10T22:51:27Z" finished-at="2020-03-10T22:51:44Z">
          <reporter-output>
          </reporter-output>
        </test-method> <!-- verifyAutomationlink -->
        <test-method status="PASS" signature="verifyCamperlink()[pri:0, instance:com.tricentis.automation.scripts.fieldVerification.HomePageTests@42d80b78]" name="verifyCamperlink" duration-ms="0" started-at="2020-03-10T22:51:44Z" finished-at="2020-03-10T22:51:44Z">
          <reporter-output>
          </reporter-output>
        </test-method> <!-- verifyCamperlink -->
        <test-method status="PASS" signature="verifyMotorCyclelink()[pri:0, instance:com.tricentis.automation.scripts.fieldVerification.HomePageTests@42d80b78]" name="verifyMotorCyclelink" duration-ms="12" started-at="2020-03-10T22:51:44Z" finished-at="2020-03-10T22:51:44Z">
          <reporter-output>
          </reporter-output>
        </test-method> <!-- verifyMotorCyclelink -->
        <test-method status="PASS" signature="verifyTrucklink()[pri:0, instance:com.tricentis.automation.scripts.fieldVerification.HomePageTests@42d80b78]" name="verifyTrucklink" duration-ms="0" started-at="2020-03-10T22:51:44Z" finished-at="2020-03-10T22:51:44Z">
          <reporter-output>
          </reporter-output>
        </test-method> <!-- verifyTrucklink -->
        <test-method status="PASS" signature="tearDown()[pri:0, instance:com.tricentis.automation.scripts.fieldVerification.HomePageTests@42d80b78]" name="tearDown" is-config="true" duration-ms="0" started-at="2020-03-10T22:51:44Z" finished-at="2020-03-10T22:51:44Z">
          <reporter-output>
          </reporter-output>
        </test-method> <!-- tearDown -->
      </class> <!-- com.tricentis.automation.scripts.fieldVerification.HomePageTests -->
      <class name="com.tricentis.automation.scripts.fieldVerification.Automobile_EnterVehicleDataPageTypes">
        <test-method status="PASS" signature="initialize(java.lang.String)[pri:0, instance:com.tricentis.automation.scripts.fieldVerification.Automobile_EnterVehicleDataPageTypes@3bfdc050]" name="initialize" is-config="true" duration-ms="45810" started-at="2020-03-10T22:51:44Z" finished-at="2020-03-10T22:52:30Z">
          <params>
            <param index="0">
              <value>
                <![CDATA[Chrome]]>
              </value>
            </param>
          </params>
          <reporter-output>
          </reporter-output>
        </test-method> <!-- initialize -->
        <test-method status="PASS" signature="verifyAutomationlink()[pri:0, instance:com.tricentis.automation.scripts.fieldVerification.Automobile_EnterVehicleDataPageTypes@3bfdc050]" name="verifyAutomationlink" duration-ms="3179" started-at="2020-03-10T22:52:30Z" finished-at="2020-03-10T22:52:33Z">
          <reporter-output>
          </reporter-output>
        </test-method> <!-- verifyAutomationlink -->
        <test-method status="PASS" signature="tearDown()[pri:0, instance:com.tricentis.automation.scripts.fieldVerification.Automobile_EnterVehicleDataPageTypes@3bfdc050]" name="tearDown" is-config="true" duration-ms="0" started-at="2020-03-10T22:52:33Z" finished-at="2020-03-10T22:52:33Z">
          <reporter-output>
          </reporter-output>
        </test-method> <!-- tearDown -->
      </class> <!-- com.tricentis.automation.scripts.fieldVerification.Automobile_EnterVehicleDataPageTypes -->
    </test> <!-- Test -->
    <test name="Test 2 " duration-ms="61136" started-at="2020-03-10T17:22:33Z" finished-at="2020-03-10T17:23:34Z">
      <class name="com.tricentis.automation.scripts.fieldVerification.HomePageTests">
        <test-method status="PASS" signature="suiteInitializer()[pri:0, instance:com.tricentis.automation.scripts.fieldVerification.HomePageTests@5f341870]" name="suiteInitializer" is-config="true" duration-ms="93" started-at="2020-03-10T22:50:24Z" finished-at="2020-03-10T22:50:24Z">
          <reporter-output>
          </reporter-output>
        </test-method> <!-- suiteInitializer -->
        <test-method status="PASS" signature="initialize(java.lang.String)[pri:0, instance:com.tricentis.automation.scripts.fieldVerification.HomePageTests@5f341870]" name="initialize" is-config="true" duration-ms="60030" started-at="2020-03-10T22:52:33Z" finished-at="2020-03-10T22:53:33Z">
          <params>
            <param index="0">
              <value>
                <![CDATA[Firefox]]>
              </value>
            </param>
          </params>
          <reporter-output>
          </reporter-output>
        </test-method> <!-- initialize -->
        <test-method status="FAIL" signature="verifyAutomationlink()[pri:0, instance:com.tricentis.automation.scripts.fieldVerification.HomePageTests@5f341870]" name="verifyAutomationlink" duration-ms="719" started-at="2020-03-10T22:53:33Z" finished-at="2020-03-10T22:53:34Z">
          <exception class="java.lang.AssertionError">
            <message>
              <![CDATA[expected [Enter Vehicle Data] but found [Tricentis Vehicle Insurance]]]>
            </message>
            <full-stacktrace>
              <![CDATA[java.lang.AssertionError: expected [Enter Vehicle Data] but found [Tricentis Vehicle Insurance]at org.testng.Assert.fail(Assert.java:96)at org.testng.Assert.failNotEquals(Assert.java:776)at org.testng.Assert.assertEqualsImpl(Assert.java:137)at org.testng.Assert.assertEquals(Assert.java:118)at org.testng.Assert.assertEquals(Assert.java:453)at org.testng.Assert.assertEquals(Assert.java:463)at com.tricentis.automation.scripts.fieldVerification.HomePageTests.verifyAutomationlink(HomePageTests.java:25)at sun.reflect.NativeMethodAccessorImpl.invoke0(Native Method)at sun.reflect.NativeMethodAccessorImpl.invoke(Unknown Source)at sun.reflect.DelegatingMethodAccessorImpl.invoke(Unknown Source)at java.lang.reflect.Method.invoke(Unknown Source)at org.testng.internal.MethodInvocationHelper.invokeMethod(MethodInvocationHelper.java:124)at org.testng.internal.Invoker.invokeMethod(Invoker.java:571)at org.testng.internal.Invoker.invokeTestMethod(Invoker.java:707)at org.testng.internal.Invoker.invokeTestMethods(Invoker.java:979)at org.testng.internal.TestMethodWorker.invokeTestMethods(TestMethodWorker.java:125)at org.testng.internal.TestMethodWorker.run(TestMethodWorker.java:109)at org.testng.TestRunner.privateRun(TestRunner.java:648)at org.testng.TestRunner.run(TestRunner.java:505)at org.testng.SuiteRunner.runTest(SuiteRunner.java:455)at org.testng.SuiteRunner.runSequentially(SuiteRunner.java:450)at org.testng.SuiteRunner.privateRun(SuiteRunner.java:415)at org.testng.SuiteRunner.run(SuiteRunner.java:364)at org.testng.SuiteRunnerWorker.runSuite(SuiteRunnerWorker.java:52)at org.testng.SuiteRunnerWorker.run(SuiteRunnerWorker.java:84)at org.testng.TestNG.runSuitesSequentially(TestNG.java:1187)at org.testng.TestNG.runSuitesLocally(TestNG.java:1116)at org.testng.TestNG.runSuites(TestNG.java:1028)at org.testng.TestNG.run(TestNG.java:996)at org.testng.remote.AbstractRemoteTestNG.run(AbstractRemoteTestNG.java:115)at org.testng.remote.RemoteTestNG.initAndRun(RemoteTestNG.java:251)at org.testng.remote.RemoteTestNG.main(RemoteTestNG.java:77)]]>
            </full-stacktrace>
          </exception> <!-- java.lang.AssertionError -->
          <reporter-output>
          </reporter-output>
        </test-method> <!-- verifyAutomationlink -->
        <test-method status="PASS" signature="verifyCamperlink()[pri:0, instance:com.tricentis.automation.scripts.fieldVerification.HomePageTests@5f341870]" name="verifyCamperlink" duration-ms="16" started-at="2020-03-10T22:53:34Z" finished-at="2020-03-10T22:53:34Z">
          <reporter-output>
          </reporter-output>
        </test-method> <!-- verifyCamperlink -->
        <test-method status="PASS" signature="verifyMotorCyclelink()[pri:0, instance:com.tricentis.automation.scripts.fieldVerification.HomePageTests@5f341870]" name="verifyMotorCyclelink" duration-ms="16" started-at="2020-03-10T22:53:34Z" finished-at="2020-03-10T22:53:34Z">
          <reporter-output>
          </reporter-output>
        </test-method> <!-- verifyMotorCyclelink -->
        <test-method status="PASS" signature="verifyTrucklink()[pri:0, instance:com.tricentis.automation.scripts.fieldVerification.HomePageTests@5f341870]" name="verifyTrucklink" duration-ms="0" started-at="2020-03-10T22:53:34Z" finished-at="2020-03-10T22:53:34Z">
          <reporter-output>
          </reporter-output>
        </test-method> <!-- verifyTrucklink -->
        <test-method status="PASS" signature="tearDown()[pri:0, instance:com.tricentis.automation.scripts.fieldVerification.HomePageTests@5f341870]" name="tearDown" is-config="true" duration-ms="0" started-at="2020-03-10T22:53:34Z" finished-at="2020-03-10T22:53:34Z">
          <reporter-output>
          </reporter-output>
        </test-method> <!-- tearDown -->
      </class> <!-- com.tricentis.automation.scripts.fieldVerification.HomePageTests -->
    </test> <!-- Test 2  -->
  </suite> <!-- Suite -->
</testng-results>
