<?xml version="1.0" encoding="UTF-8"?>
<!-- Generated by org.testng.reporters.JUnitXMLReporter -->
<testsuite hostname="ME" ignored="1" name="Test on Chrome" tests="1" failures="0" timestamp="2020-03-10T09:58:12 IST" time="0.111" errors="0">
  <testcase name="test2" time="0.012" classname="basicTestAnnotations.LearnDataProvider"/>
  <testcase name="test1" time="0.0" classname="basicTestAnnotations.LearnDataProvider">
    <ignored/>
  </testcase> <!-- test1 -->
</testsuite> <!-- Test on Chrome -->
