<?xml version="1.0" encoding="UTF-8"?>
<!-- Generated by org.testng.reporters.JUnitXMLReporter -->
<testsuite hostname="ME" ignored="0" name="Test priority feature" tests="6" failures="1" timestamp="2020-03-03T10:16:14 IST" time="0.109" errors="0">
  <testcase name="login" time="0.015" classname="basicTestAnnotations.DependsOnMethod">
    <failure type="java.lang.ArithmeticException" message="/ by zero">
      <![CDATA[java.lang.ArithmeticException: / by zero
at basicTestAnnotations.DependsOnMethod.login(DependsOnMethod.java:39)
at java.util.ArrayList.forEach(Unknown Source)
... Removed 27 stack frames]]>
    </failure>
  </testcase> <!-- login -->
  <testcase name="verifyHomepage" time="0.0" classname="basicTestAnnotations.DependsOnMethod">
    <skipped/>
  </testcase> <!-- verifyHomepage -->
  <testcase name="logout" time="0.0" classname="basicTestAnnotations.DependsOnMethod">
    <skipped/>
  </testcase> <!-- logout -->
  <testcase name="test3" time="0.016" classname="basicTestAnnotations.FirstTestNGClass"/>
  <testcase name="test1" time="0.0" classname="basicTestAnnotations.FirstTestNGClass"/>
  <testcase name="test2" time="0.0" classname="basicTestAnnotations.FirstTestNGClass"/>
</testsuite> <!-- Test priority feature -->
