<?xml version="1.0" encoding="UTF-8"?>
<!-- Generated by org.testng.reporters.JUnitXMLReporter -->
<testsuite hostname="ME" ignored="0" name="Test on Firefox" tests="5" failures="0" timestamp="2020-03-10T09:58:12 IST" time="0.056" errors="0">
  <testcase name="test1" time="0.0" classname="basicTestAnnotations.LearnDataProvider"/>
  <testcase name="test1" time="0.008" classname="basicTestAnnotations.LearnDataProvider"/>
  <testcase name="test1" time="0.009" classname="basicTestAnnotations.LearnDataProvider"/>
  <testcase name="test1" time="0.005" classname="basicTestAnnotations.LearnDataProvider"/>
  <testcase name="test2" time="0.005" classname="basicTestAnnotations.LearnDataProvider"/>
</testsuite> <!-- Test on Firefox -->
