<?xml version="1.0" encoding="UTF-8"?>
<!-- Generated by org.testng.reporters.JUnitXMLReporter -->
<testsuite hostname="ME" ignored="0" name="Test" tests="4" failures="0" timestamp="2020-03-10T09:45:45 IST" time="0.57" errors="0">
  <testcase name="test1" time="0.05" classname="basicTestAnnotations.LearnDataProvider"/>
  <testcase name="test1" time="0.02" classname="basicTestAnnotations.LearnDataProvider"/>
  <testcase name="test1" time="0.023" classname="basicTestAnnotations.LearnDataProvider"/>
  <testcase name="test1" time="0.032" classname="basicTestAnnotations.LearnDataProvider"/>
</testsuite> <!-- Test -->
