<?xml version="1.0" encoding="UTF-8"?>
<!-- Generated by org.testng.reporters.JUnitXMLReporter -->
<testsuite hostname="ME" ignored="0" name="Test" tests="3" failures="1" timestamp="2020-03-03T09:22:18 IST" time="0.228" errors="0">
  <testcase name="login" time="0.07" classname="basicTestAnnotations.DependsOnMethod">
    <failure type="java.lang.ArithmeticException" message="/ by zero">
      <![CDATA[java.lang.ArithmeticException: / by zero
at basicTestAnnotations.DependsOnMethod.login(DependsOnMethod.java:11)
at java.util.ArrayList.forEach(Unknown Source)
... Removed 27 stack frames]]>
    </failure>
  </testcase> <!-- login -->
  <testcase name="verifyHomepage" time="0.0" classname="basicTestAnnotations.DependsOnMethod">
    <skipped/>
  </testcase> <!-- verifyHomepage -->
  <testcase name="logout" time="0.0" classname="basicTestAnnotations.DependsOnMethod">
    <skipped/>
  </testcase> <!-- logout -->
</testsuite> <!-- Test -->
