<?xml version="1.0" encoding="UTF-8"?>
<!-- Generated by org.testng.reporters.JUnitXMLReporter -->
<testsuite hostname="ME" ignored="0" name="Default test" tests="3" failures="0" timestamp="04 Mar 2020 04:26:03 GMT" time="0.155" errors="0">
  <testcase name="test1" time="0.031" classname="samplePackage.TestScript1"/>
  <testcase name="test2" time="0.016" classname="samplePackage.TestScript1"/>
  <testcase name="test3" time="0.0" classname="samplePackage.TestScript1"/>
</testsuite> <!-- Default test -->
