<?xml version="1.0" encoding="UTF-8"?>
<testng-results skipped="0" failed="0" ignored="1" total="7" passed="6">
  <reporter-output>
  </reporter-output>
  <suite name="Suite" duration-ms="225" started-at="2020-03-10T09:58:11 IST" finished-at="2020-03-10T09:58:12 IST">
    <groups>
    </groups>
    <test name="Test on Chrome" duration-ms="111" started-at="2020-03-10T09:58:11 IST" finished-at="2020-03-10T09:58:11 IST">
      <class name="basicTestAnnotations.LearnDataProvider">
        <test-method status="PASS" signature="initialize(java.lang.String)[pri:0, instance:basicTestAnnotations.LearnDataProvider@5f9d02cb]" name="initialize" is-config="true" duration-ms="29" started-at="2020-03-10T09:58:11 IST" finished-at="2020-03-10T09:58:11 IST">
          <params>
            <param index="0">
              <value>
                <![CDATA[Chrome]]>
              </value>
            </param>
          </params>
          <reporter-output>
          </reporter-output>
        </test-method> <!-- initialize -->
        <test-method status="PASS" signature="test2()[pri:0, instance:basicTestAnnotations.LearnDataProvider@5f9d02cb]" name="test2" duration-ms="12" started-at="2020-03-10T09:58:11 IST" finished-at="2020-03-10T09:58:11 IST">
          <reporter-output>
          </reporter-output>
        </test-method> <!-- test2 -->
      </class> <!-- basicTestAnnotations.LearnDataProvider -->
    </test> <!-- Test on Chrome -->
    <test name="Test on Firefox" duration-ms="56" started-at="2020-03-10T09:58:12 IST" finished-at="2020-03-10T09:58:12 IST">
      <class name="basicTestAnnotations.LearnDataProvider">
        <test-method status="PASS" signature="initialize(java.lang.String)[pri:0, instance:basicTestAnnotations.LearnDataProvider@5ae63ade]" name="initialize" is-config="true" duration-ms="0" started-at="2020-03-10T09:58:12 IST" finished-at="2020-03-10T09:58:12 IST">
          <params>
            <param index="0">
              <value>
                <![CDATA[Firefox]]>
              </value>
            </param>
          </params>
          <reporter-output>
          </reporter-output>
        </test-method> <!-- initialize -->
        <test-method status="PASS" signature="test1(java.lang.String, java.lang.String)[pri:0, instance:basicTestAnnotations.LearnDataProvider@5ae63ade]" name="test1" duration-ms="0" started-at="2020-03-10T09:58:12 IST" data-provider="getData" finished-at="2020-03-10T09:58:12 IST">
          <params>
            <param index="0">
              <value>
                <![CDATA[useranme1]]>
              </value>
            </param>
            <param index="1">
              <value>
                <![CDATA[Password1]]>
              </value>
            </param>
          </params>
          <reporter-output>
          </reporter-output>
        </test-method> <!-- test1 -->
        <test-method status="PASS" signature="test1(java.lang.String, java.lang.String)[pri:0, instance:basicTestAnnotations.LearnDataProvider@5ae63ade]" name="test1" duration-ms="8" started-at="2020-03-10T09:58:12 IST" data-provider="getData" finished-at="2020-03-10T09:58:12 IST">
          <params>
            <param index="0">
              <value>
                <![CDATA[useranme2]]>
              </value>
            </param>
            <param index="1">
              <value>
                <![CDATA[Password2]]>
              </value>
            </param>
          </params>
          <reporter-output>
          </reporter-output>
        </test-method> <!-- test1 -->
        <test-method status="PASS" signature="test1(java.lang.String, java.lang.String)[pri:0, instance:basicTestAnnotations.LearnDataProvider@5ae63ade]" name="test1" duration-ms="9" started-at="2020-03-10T09:58:12 IST" data-provider="getData" finished-at="2020-03-10T09:58:12 IST">
          <params>
            <param index="0">
              <value>
                <![CDATA[useranme3]]>
              </value>
            </param>
            <param index="1">
              <value>
                <![CDATA[Password3]]>
              </value>
            </param>
          </params>
          <reporter-output>
          </reporter-output>
        </test-method> <!-- test1 -->
        <test-method status="PASS" signature="test1(java.lang.String, java.lang.String)[pri:0, instance:basicTestAnnotations.LearnDataProvider@5ae63ade]" name="test1" duration-ms="5" started-at="2020-03-10T09:58:12 IST" data-provider="getData" finished-at="2020-03-10T09:58:12 IST">
          <params>
            <param index="0">
              <value>
                <![CDATA[useranme4]]>
              </value>
            </param>
            <param index="1">
              <value>
                <![CDATA[Password4]]>
              </value>
            </param>
          </params>
          <reporter-output>
          </reporter-output>
        </test-method> <!-- test1 -->
        <test-method status="PASS" signature="test2()[pri:0, instance:basicTestAnnotations.LearnDataProvider@5ae63ade]" name="test2" duration-ms="5" started-at="2020-03-10T09:58:12 IST" finished-at="2020-03-10T09:58:12 IST">
          <reporter-output>
          </reporter-output>
        </test-method> <!-- test2 -->
      </class> <!-- basicTestAnnotations.LearnDataProvider -->
    </test> <!-- Test on Firefox -->
  </suite> <!-- Suite -->
</testng-results>
