<?xml version="1.0" encoding="UTF-8"?>
<testng-results skipped="0" failed="0" ignored="0" total="1" passed="1">
  <reporter-output>
  </reporter-output>
  <suite name="Default suite" duration-ms="7554" started-at="2020-03-11T10:35:31 IST" finished-at="2020-03-11T10:35:38 IST">
    <groups>
    </groups>
    <test name="Default test" duration-ms="7554" started-at="2020-03-11T10:35:31 IST" finished-at="2020-03-11T10:35:38 IST">
      <class name="apiTestcases.Post">
        <test-method status="PASS" signature="test1()[pri:0, instance:apiTestcases.Post@57536d79]" name="test1" duration-ms="7394" started-at="2020-03-11T10:35:31 IST" finished-at="2020-03-11T10:35:38 IST">
          <reporter-output>
          </reporter-output>
        </test-method> <!-- test1 -->
      </class> <!-- apiTestcases.Post -->
    </test> <!-- Default test -->
  </suite> <!-- Default suite -->
</testng-results>
