<?xml version="1.0" encoding="UTF-8"?>
<!-- Generated by org.testng.reporters.JUnitXMLReporter -->
<testsuite hostname="ME" ignored="1" name="Test" tests="5" failures="0" timestamp="10 Mar 2020 17:22:33 GMT" time="128.553" errors="0">
  <testcase name="verifyAutomationlink" time="16.965" classname="com.tricentis.automation.scripts.fieldVerification.HomePageTests"/>
  <testcase name="verifyCamperlink" time="0.0" classname="com.tricentis.automation.scripts.fieldVerification.HomePageTests"/>
  <testcase name="verifyMotorCyclelink" time="0.012" classname="com.tricentis.automation.scripts.fieldVerification.HomePageTests"/>
  <testcase name="verifyTrucklink" time="0.0" classname="com.tricentis.automation.scripts.fieldVerification.HomePageTests"/>
  <testcase name="verifyAutomationlink" time="3.179" classname="com.tricentis.automation.scripts.fieldVerification.Automobile_EnterVehicleDataPageTypes"/>
  <testcase name="@BeforeSuite suiteInitializer" time="0.0" classname="com.tricentis.automation.driver.Driver">
    <ignored/>
  </testcase> <!-- @BeforeSuite suiteInitializer -->
</testsuite> <!-- Test -->
