<?xml version="1.0" encoding="UTF-8"?>
<testng-results skipped="0" failed="0" ignored="0" total="3" passed="3">
  <reporter-output>
  </reporter-output>
  <suite name="Default suite" duration-ms="155" started-at="2020-03-04T04:26:03Z" finished-at="2020-03-04T04:26:03Z">
    <groups>
    </groups>
    <test name="Default test" duration-ms="155" started-at="2020-03-04T04:26:03Z" finished-at="2020-03-04T04:26:03Z">
      <class name="samplePackage.TestScript1">
        <test-method status="PASS" signature="test1()[pri:0, instance:samplePackage.TestScript1@548b7f67]" name="test1" duration-ms="31" started-at="2020-03-04T09:56:03Z" finished-at="2020-03-04T09:56:03Z">
          <reporter-output>
          </reporter-output>
        </test-method> <!-- test1 -->
        <test-method status="PASS" signature="test2()[pri:0, instance:samplePackage.TestScript1@548b7f67]" name="test2" duration-ms="16" started-at="2020-03-04T09:56:03Z" finished-at="2020-03-04T09:56:03Z">
          <reporter-output>
          </reporter-output>
        </test-method> <!-- test2 -->
        <test-method status="PASS" signature="test3()[pri:0, instance:samplePackage.TestScript1@548b7f67]" name="test3" duration-ms="0" started-at="2020-03-04T09:56:03Z" finished-at="2020-03-04T09:56:03Z">
          <reporter-output>
          </reporter-output>
        </test-method> <!-- test3 -->
      </class> <!-- samplePackage.TestScript1 -->
    </test> <!-- Default test -->
  </suite> <!-- Default suite -->
</testng-results>
